{
  "RSpec": {
    "coverage": {
      "/Users/xagrh/WORK/RAILS/wiz/spec/support/utilities.rb": [
        1,
        null,
        1,
        239,
        239,
        27,
        null,
        212,
        null,
        null,
        null,
        1,
        0,
        0,
        0,
        null,
        null,
        1,
        56,
        null,
        10,
        10,
        10,
        null,
        46,
        46,
        46,
        46,
        null,
        null,
        null,
        1,
        2,
        2,
        null,
        null
      ],
      "/Users/xagrh/WORK/RAILS/wiz/app/controllers/relationships_controller.rb": [
        1,
        1,
        null,
        1,
        5,
        5,
        5,
        8,
        5,
        null,
        null,
        null,
        1,
        5,
        5,
        5,
        8,
        5,
        null,
        null,
        null
      ],
      "/Users/xagrh/WORK/RAILS/wiz/app/controllers/application_controller.rb": [
        1,
        null,
        null,
        1,
        1,
        null
      ],
      "/Users/xagrh/WORK/RAILS/wiz/spec/helpers/application_helper_spec.rb": [
        null,
        1,
        null,
        1,
        null,
        1,
        1,
        1,
        null,
        null,
        1,
        1,
        null,
        null,
        1,
        1,
        null,
        null,
        null
      ],
      "/Users/xagrh/WORK/RAILS/wiz/spec/models/micropost_spec.rb": [
        1,
        null,
        1,
        9,
        null,
        9,
        null,
        9,
        null,
        2,
        2,
        2,
        2,
        null,
        2,
        null,
        1,
        2,
        2,
        null,
        null,
        1,
        2,
        2,
        null,
        null,
        1,
        2,
        2,
        null,
        null,
        null
      ],
      "/Users/xagrh/WORK/RAILS/wiz/app/models/micropost.rb": [
        1,
        1,
        null,
        287,
        1,
        1,
        null,
        null,
        1,
        16,
        null,
        16,
        null,
        null,
        null
      ],
      "/Users/xagrh/WORK/RAILS/wiz/spec/models/relationship_spec.rb": [
        1,
        null,
        1,
        null,
        8,
        8,
        8,
        null,
        8,
        null,
        2,
        null,
        1,
        2,
        2,
        2,
        2,
        null,
        null,
        1,
        2,
        2,
        null,
        null,
        1,
        2,
        2,
        null,
        null
      ],
      "/Users/xagrh/WORK/RAILS/wiz/app/models/relationship.rb": [
        1,
        1,
        1,
        1,
        1,
        null
      ],
      "/Users/xagrh/WORK/RAILS/wiz/spec/models/user_spec.rb": [
        1,
        1,
        null,
        1,
        null,
        1,
        45,
        null,
        null,
        null,
        39,
        null,
        null,
        2,
        2,
        2,
        2,
        2,
        2,
        2,
        2,
        2,
        2,
        2,
        2,
        2,
        2,
        2,
        null,
        2,
        2,
        null,
        2,
        2,
        null,
        1,
        1,
        1,
        1,
        null,
        null,
        2,
        null,
        null,
        1,
        2,
        2,
        null,
        null,
        1,
        2,
        2,
        null,
        null,
        1,
        2,
        2,
        null,
        null,
        1,
        1,
        1,
        1,
        6,
        6,
        null,
        null,
        null,
        null,
        1,
        1,
        1,
        1,
        4,
        4,
        null,
        null,
        null,
        null,
        1,
        1,
        1,
        1,
        1,
        null,
        null,
        2,
        null,
        null,
        1,
        2,
        null,
        1,
        1,
        1,
        1,
        null,
        null,
        null,
        1,
        1,
        1,
        null,
        null,
        2,
        null,
        null,
        1,
        2,
        2,
        null,
        null,
        1,
        4,
        4,
        null,
        1,
        2,
        null,
        null,
        1,
        3,
        null,
        2,
        2,
        null,
        null,
        null,
        1,
        2,
        2,
        null,
        null,
        1,
        2,
        2,
        null,
        null,
        null,
        null,
        null,
        1,
        null,
        7,
        1,
        6,
        null,
        1,
        6,
        null,
        null,
        1,
        1,
        null,
        null,
        1,
        1,
        1,
        1,
        1,
        2,
        null,
        null,
        null,
        1,
        1,
        1,
        null,
        5,
        null,
        1,
        4,
        16,
        null,
        null,
        2,
        2,
        2,
        1,
        1,
        3,
        null,
        null,
        null,
        null,
        null,
        null,
        1,
        6,
        1,
        5,
        5,
        null,
        null,
        2,
        2,
        null,
        1,
        2,
        2,
        null,
        null,
        1,
        3,
        null,
        2,
        2,
        null,
        null,
        null,
        null,
        null,
        null,
        null,
        null,
        null,
        null,
        null,
        null,
        null,
        null,
        null,
        null,
        null,
        null
      ],
      "/Users/xagrh/WORK/RAILS/wiz/app/models/user.rb": [
        1,
        1,
        null,
        1,
        1,
        null,
        1,
        null,
        null,
        1,
        null,
        249,
        1,
        null,
        1,
        1,
        1,
        null,
        null,
        null,
        1,
        1,
        null,
        1,
        241,
        null,
        null,
        1,
        1260,
        null,
        null,
        1,
        16,
        null,
        null,
        1,
        14,
        null,
        null,
        1,
        27,
        null,
        null,
        1,
        7,
        null,
        null,
        null,
        1,
        null,
        1,
        176,
        null,
        null,
        null
      ],
      "/Users/xagrh/WORK/RAILS/wiz/spec/requests/authentication_pages_spec.rb": [
        1,
        null,
        1,
        19,
        null,
        1,
        3,
        null,
        2,
        2,
        null,
        null,
        1,
        11,
        null,
        1,
        4,
        null,
        2,
        2,
        null,
        1,
        2,
        2,
        null,
        null,
        null,
        null,
        1,
        8,
        8,
        null,
        2,
        2,
        2,
        2,
        2,
        2,
        null,
        1,
        2,
        2,
        null,
        null,
        null,
        null,
        null,
        1,
        null,
        1,
        9,
        null,
        2,
        2,
        null,
        1,
        1,
        2,
        2,
        2,
        2,
        null,
        null,
        1,
        null,
        1,
        1,
        null,
        null,
        1,
        1,
        1,
        1,
        1,
        1,
        1,
        null,
        null,
        1,
        1,
        null,
        null,
        null,
        null,
        null,
        1,
        null,
        1,
        2,
        2,
        null,
        null,
        1,
        2,
        2,
        null,
        null,
        1,
        2,
        2,
        null,
        null,
        1,
        2,
        2,
        null,
        null,
        1,
        2,
        2,
        null,
        null,
        null,
        1,
        null,
        1,
        2,
        2,
        null,
        null,
        1,
        2,
        2,
        null,
        null,
        null,
        1,
        1,
        2,
        2,
        null,
        null,
        1,
        2,
        2,
        null,
        null,
        null,
        null,
        1,
        4,
        4,
        4,
        null,
        1,
        3,
        2,
        2,
        null,
        null,
        1,
        2,
        2,
        null,
        null,
        null,
        1,
        2,
        2,
        null,
        2,
        null,
        1,
        2,
        2,
        null,
        null,
        null,
        1,
        2,
        2,
        null,
        1,
        2,
        null,
        null,
        null,
        null
      ],
      "/Users/xagrh/WORK/RAILS/wiz/spec/requests/micropost_pages_spec.rb": [
        1,
        null,
        1,
        null,
        2,
        null,
        5,
        5,
        null,
        1,
        4,
        null,
        1,
        null,
        1,
        2,
        null,
        null,
        1,
        2,
        2,
        null,
        null,
        null,
        1,
        null,
        2,
        1,
        2,
        null,
        null,
        null,
        null,
        1,
        2,
        null,
        1,
        2,
        null,
        1,
        2,
        null,
        null,
        null,
        null,
        null
      ],
      "/Users/xagrh/WORK/RAILS/wiz/spec/requests/static_pages_spec.rb": [
        1,
        null,
        1,
        null,
        12,
        null,
        1,
        8,
        8,
        null,
        null,
        1,
        7,
        2,
        2,
        null,
        1,
        2,
        null,
        1,
        4,
        1,
        3,
        3,
        3,
        3,
        null,
        null,
        1,
        1,
        2,
        null,
        null,
        null,
        1,
        3,
        1,
        2,
        2,
        null,
        null,
        2,
        2,
        null,
        null,
        null,
        null,
        1,
        3,
        2,
        2,
        null,
        1,
        null,
        null,
        1,
        3,
        2,
        2,
        null,
        1,
        null,
        null,
        1,
        3,
        2,
        2,
        null,
        1,
        null,
        null,
        1,
        1,
        1,
        1,
        1,
        1,
        1,
        1,
        1,
        1,
        1,
        1,
        1,
        null,
        null,
        null
      ],
      "/Users/xagrh/WORK/RAILS/wiz/spec/requests/user_pages_spec.rb": [
        1,
        null,
        1,
        null,
        34,
        null,
        1,
        9,
        1,
        8,
        8,
        null,
        null,
        2,
        2,
        null,
        1,
        null,
        32,
        2,
        null,
        2,
        null,
        1,
        1,
        30,
        null,
        null,
        null,
        null,
        1,
        null,
        2,
        null,
        1,
        4,
        1,
        3,
        3,
        null,
        null,
        2,
        1,
        1,
        1,
        null,
        null,
        2,
        null,
        null,
        null,
        null,
        null,
        1,
        10,
        2,
        2,
        null,
        8,
        null,
        1,
        1,
        2,
        null,
        1,
        3,
        null,
        2,
        2,
        null,
        null,
        null,
        null,
        1,
        1,
        4,
        4,
        4,
        4,
        null,
        null,
        1,
        2,
        null,
        null,
        1,
        4,
        2,
        null,
        2,
        2,
        2,
        null,
        null,
        null,
        null,
        null,
        1,
        12,
        12,
        12,
        null,
        12,
        null,
        2,
        2,
        null,
        1,
        2,
        2,
        2,
        null,
        null,
        1,
        7,
        7,
        null,
        1,
        4,
        null,
        1,
        1,
        1,
        null,
        null,
        null,
        1,
        1,
        1,
        null,
        null,
        null,
        1,
        2,
        2,
        null,
        null,
        null,
        1,
        1,
        3,
        3,
        null,
        null,
        1,
        1,
        1,
        null,
        null,
        null,
        1,
        1,
        1,
        null,
        null,
        null,
        1,
        2,
        2,
        null,
        null,
        null,
        null,
        null,
        null,
        null,
        1,
        10,
        1,
        9,
        9,
        null,
        null,
        null,
        1,
        2,
        2,
        2,
        null,
        null,
        1,
        2,
        null,
        2,
        null,
        null,
        1,
        6,
        6,
        1,
        5,
        5,
        5,
        5,
        5,
        null,
        null,
        2,
        2,
        2,
        2,
        2,
        null,
        null,
        null,
        1,
        2,
        1,
        null,
        1,
        null,
        1,
        1,
        1,
        null,
        2,
        null,
        null,
        1,
        7,
        7,
        7,
        null,
        1,
        1,
        3,
        3,
        null,
        null,
        2,
        2,
        2,
        null,
        null,
        1,
        1,
        3,
        3,
        null,
        null,
        2,
        2,
        2,
        null,
        null,
        null,
        null
      ],
      "/Users/xagrh/WORK/RAILS/wiz/app/controllers/users_controller.rb": [
        1,
        1,
        1,
        1,
        null,
        1,
        12,
        null,
        null,
        1,
        79,
        79,
        null,
        null,
        1,
        10,
        null,
        null,
        1,
        7,
        7,
        4,
        4,
        4,
        null,
        3,
        null,
        null,
        null,
        1,
        null,
        null,
        1,
        7,
        6,
        6,
        null,
        1,
        null,
        null,
        null,
        1,
        2,
        2,
        1,
        1,
        null,
        1,
        1,
        1,
        null,
        null,
        null,
        1,
        3,
        3,
        3,
        3,
        null,
        null,
        1,
        3,
        3,
        3,
        3,
        null,
        null,
        1,
        null,
        1,
        14,
        null,
        null,
        null,
        null,
        null,
        1,
        21,
        21,
        null,
        null,
        1,
        3,
        null,
        null
      ],
      "/Users/xagrh/WORK/RAILS/wiz/app/controllers/sessions_controller.rb": [
        1,
        null,
        1,
        null,
        null,
        null,
        1,
        52,
        52,
        49,
        49,
        null,
        null,
        3,
        3,
        null,
        null,
        null,
        null,
        1,
        2,
        2,
        null,
        null,
        null
      ],
      "/Users/xagrh/WORK/RAILS/wiz/app/controllers/microposts_controller.rb": [
        1,
        1,
        1,
        null,
        1,
        3,
        3,
        1,
        1,
        null,
        2,
        2,
        null,
        null,
        null,
        1,
        1,
        1,
        null,
        null,
        1,
        null,
        1,
        3,
        null,
        null,
        1,
        1,
        1,
        null,
        null
      ],
      "/Users/xagrh/WORK/RAILS/wiz/app/controllers/static_pages_controller.rb": [
        1,
        1,
        22,
        11,
        11,
        null,
        null,
        null,
        1,
        null,
        null,
        1,
        null,
        null,
        1,
        null,
        null
      ]
    },
    "timestamp": 1422787705
  }
}
